<?xml version="1.0" encoding="UTF-8"?>
<!-- Generated by org.testng.reporters.JUnitReportReporter -->
<testsuite hostname="LAPTOP-6LMMRF07" failures="0" tests="2" name="tests.LoginTest" time="11.851" errors="0" timestamp="2024-04-28T12:59:56 IST" skipped="0">
  <testcase classname="tests.LoginTest" name="login" time="6.915"/>
  <testcase classname="tests.LoginTest" name="login" time="4.936"/>
</testsuite> <!-- tests.LoginTest -->
