<?xml version="1.0" encoding="UTF-8"?>
<!-- Generated by org.testng.reporters.JUnitReportReporter -->
<testsuite hostname="LAPTOP-6LMMRF07" failures="0" tests="1" name="tests.TwoTest" time="11.345" errors="0" timestamp="2024-04-28T12:59:56 IST" skipped="0">
  <testcase classname="tests.TwoTest" name="TestTwo" time="11.345"/>
</testsuite> <!-- tests.TwoTest -->
