<?xml version="1.0" encoding="UTF-8"?>
<!-- Generated by org.testng.reporters.JUnitReportReporter -->
<testsuite hostname="LAPTOP-6LMMRF07" failures="0" tests="1" name="tests.TwoTest" time="0.003" errors="0" timestamp="2024-04-28T11:42:25 IST" skipped="0">
  <testcase classname="tests.TwoTest" name="TestTwo" time="0.003"/>
</testsuite> <!-- tests.TwoTest -->
