<?xml version="1.0" encoding="UTF-8"?>
<!-- Generated by org.testng.reporters.JUnitReportReporter -->
<testsuite hostname="LAPTOP-6LMMRF07" failures="0" tests="2" name="tests.LoginTest" time="13.395" errors="0" timestamp="2024-04-28T11:42:25 IST" skipped="0">
  <testcase classname="tests.LoginTest" name="login" time="7.729"/>
  <testcase classname="tests.LoginTest" name="login" time="5.666"/>
</testsuite> <!-- tests.LoginTest -->
